fetch https://dl-cdn.alpinelinux.org/alpine/v3.19/main/x86_64/APKINDEX.tar.gz
fetch https://dl-cdn.alpinelinux.org/alpine/v3.19/community/x86_64/APKINDEX.tar.gz
v3.19.1-476-g0fc5112363c [https://dl-cdn.alpinelinux.org/alpine/v3.19/main]
v3.19.1-483-g58d20cc4409 [https://dl-cdn.alpinelinux.org/alpine/v3.19/community]
OK: 22995 distinct packages available
fetch https://dl-cdn.alpinelinux.org/alpine/v3.19/main/x86_64/APKINDEX.tar.gz
fetch https://dl-cdn.alpinelinux.org/alpine/v3.19/community/x86_64/APKINDEX.tar.gz
(1/7) Installing zstd-libs (1.5.5-r8)
(2/7) Installing libelf (0.190-r1)
(3/7) Installing libbz2 (1.0.8-r6)
(4/7) Installing musl-fts (1.2.7-r6)
(5/7) Installing xz-libs (5.4.5-r0)
(6/7) Installing libdw (0.190-r1)
(7/7) Installing strace (6.6-r0)
Executing busybox-1.36.1-r15.trigger
OK: 10 MiB in 22 packages
/
/sym_link
% time     seconds  usecs/call     calls    errors syscall
------ ----------- ----------- --------- --------- ----------------
  0.00    0.000000           0         2           mprotect
  0.00    0.000000           0         2           brk
  0.00    0.000000           0         1           arch_prctl
  0.00    0.000000           0         1           getcwd
  0.00    0.000000           0         1           set_tid_address
  0.00    0.000000           0         1           getuid
  0.00    0.000000           0         1         1 ioctl
  0.00    0.000000           0         1           writev
  0.00    0.000000           0         1           execve
  0.00    0.000000           0         1           mmap
------ ----------- ----------- --------- --------- ----------------
100.00    0.000000           0        12         1 total
% time     seconds  usecs/call     calls    errors syscall
------ ----------- ----------- --------- --------- ----------------
  0.00    0.000000           0         2           mprotect
  0.00    0.000000           0         2           brk
  0.00    0.000000           0         1           arch_prctl
  0.00    0.000000           0         1           getcwd
  0.00    0.000000           0         1           set_tid_address
  0.00    0.000000           0         1           getuid
  0.00    0.000000           0         1         1 ioctl
  0.00    0.000000           0         1           writev
  0.00    0.000000           0         1           execve
  0.00    0.000000           0         1           mmap
------ ----------- ----------- --------- --------- ----------------
100.00    0.000000           0        12         1 total
% time     seconds  usecs/call     calls    errors syscall
------ ----------- ----------- --------- --------- ----------------
 32.76    0.000019           9         2           mprotect
  0.00    0.000000           0         2           brk
  0.00    0.000000           0         1           arch_prctl
  8.62    0.000005           5         1           getcwd
  0.00    0.000000           0         1           set_tid_address
  5.17    0.000003           3         1           getuid
 10.34    0.000006           6         1         1 ioctl
 15.52    0.000009           9         1           writev
  0.00    0.000000           0         1           execve
 27.59    0.000016          16         1           mmap
------ ----------- ----------- --------- --------- ----------------
100.00    0.000058           4        12         1 total
% time     seconds  usecs/call     calls    errors syscall
------ ----------- ----------- --------- --------- ----------------
  0.00    0.000000           0         2           mprotect
  0.00    0.000000           0         2           brk
  0.00    0.000000           0         1           arch_prctl
 42.42    0.000014          14         1           getcwd
  0.00    0.000000           0         1           set_tid_address
  0.00    0.000000           0         1           getuid
 18.18    0.000006           6         1         1 ioctl
 39.39    0.000013          13         1           writev
  0.00    0.000000           0         1           execve
  0.00    0.000000           0         1           mmap
------ ----------- ----------- --------- --------- ----------------
100.00    0.000033           2        12         1 total
% time     seconds  usecs/call     calls    errors syscall
------ ----------- ----------- --------- --------- ----------------
  0.00    0.000000           0         2           mprotect
  0.00    0.000000           0         2           brk
  0.00    0.000000           0         1           arch_prctl
  0.00    0.000000           0         1           getcwd
  0.00    0.000000           0         1           set_tid_address
  0.00    0.000000           0         1           getuid
  0.00    0.000000           0         1         1 ioctl
  0.00    0.000000           0         1           writev
  0.00    0.000000           0         1           execve
  0.00    0.000000           0         1           mmap
------ ----------- ----------- --------- --------- ----------------
100.00    0.000000           0        12         1 total
% time     seconds  usecs/call     calls    errors syscall
------ ----------- ----------- --------- --------- ----------------
  0.00    0.000000           0         2           mprotect
  0.00    0.000000           0         2           brk
  0.00    0.000000           0         1           arch_prctl
  0.00    0.000000           0         1           getcwd
  0.00    0.000000           0         1           set_tid_address
  0.00    0.000000           0         1           getuid
  0.00    0.000000           0         1         1 ioctl
  0.00    0.000000           0         1           writev
  0.00    0.000000           0         1           execve
  0.00    0.000000           0         1           mmap
------ ----------- ----------- --------- --------- ----------------
100.00    0.000000           0        12         1 total
% time     seconds  usecs/call     calls    errors syscall
------ ----------- ----------- --------- --------- ----------------
  0.00    0.000000           0         2           mprotect
  0.00    0.000000           0         2           brk
  0.00    0.000000           0         1           arch_prctl
  0.00    0.000000           0         1           getcwd
  0.00    0.000000           0         1           set_tid_address
  0.00    0.000000           0         1           getuid
  0.00    0.000000           0         1         1 ioctl
  0.00    0.000000           0         1           writev
  0.00    0.000000           0         1           execve
  0.00    0.000000           0         1           mmap
------ ----------- ----------- --------- --------- ----------------
100.00    0.000000           0        12         1 total
% time     seconds  usecs/call     calls    errors syscall
------ ----------- ----------- --------- --------- ----------------
  6.94    0.000015           7         2           mprotect
  4.17    0.000009           4         2           brk
  1.39    0.000003           3         1           arch_prctl
  2.31    0.000005           5         1           getcwd
  0.93    0.000002           2         1           set_tid_address
  1.39    0.000003           3         1           getuid
  1.39    0.000003           3         1         1 ioctl
  3.70    0.000008           8         1           writev
 73.61    0.000159         159         1           execve
  4.17    0.000009           9         1           mmap
------ ----------- ----------- --------- --------- ----------------
100.00    0.000216          18        12         1 total
% time     seconds  usecs/call     calls    errors syscall
------ ----------- ----------- --------- --------- ----------------
  0.00    0.000000           0         2           mprotect
  0.00    0.000000           0         2           brk
  0.00    0.000000           0         1           arch_prctl
  0.00    0.000000           0         1           getcwd
  0.00    0.000000           0         1           set_tid_address
  0.00    0.000000           0         1           getuid
  0.00    0.000000           0         1         1 ioctl
  0.00    0.000000           0         1           writev
  0.00    0.000000           0         1           execve
  0.00    0.000000           0         1           mmap
------ ----------- ----------- --------- --------- ----------------
100.00    0.000000           0        12         1 total
% time     seconds  usecs/call     calls    errors syscall
------ ----------- ----------- --------- --------- ----------------
  0.00    0.000000           0         2           mprotect
  0.00    0.000000           0         2           brk
  0.00    0.000000           0         1           arch_prctl
  0.00    0.000000           0         1           getcwd
  0.00    0.000000           0         1           set_tid_address
  0.00    0.000000           0         1           getuid
  0.00    0.000000           0         1         1 ioctl
  0.00    0.000000           0         1           writev
  0.00    0.000000           0         1           execve
  0.00    0.000000           0         1           mmap
------ ----------- ----------- --------- --------- ----------------
100.00    0.000000           0        12         1 total
% time     seconds  usecs/call     calls    errors syscall
------ ----------- ----------- --------- --------- ----------------
  0.00    0.000000           0         2           mprotect
  0.00    0.000000           0         2           brk
  0.00    0.000000           0         1           arch_prctl
  0.00    0.000000           0         1           getcwd
  0.00    0.000000           0         1           set_tid_address
  0.00    0.000000           0         1           getuid
  0.00    0.000000           0         1         1 ioctl
  0.00    0.000000           0         1           writev
  0.00    0.000000           0         1           execve
  0.00    0.000000           0         1           mmap
------ ----------- ----------- --------- --------- ----------------
100.00    0.000000           0        12         1 total
% time     seconds  usecs/call     calls    errors syscall
------ ----------- ----------- --------- --------- ----------------
  0.00    0.000000           0         2           mprotect
  0.00    0.000000           0         2           brk
  0.00    0.000000           0         1           arch_prctl
  0.00    0.000000           0         1           getcwd
  0.00    0.000000           0         1           set_tid_address
  0.00    0.000000           0         1           getuid
  0.00    0.000000           0         1         1 ioctl
  0.00    0.000000           0         1           writev
/
/
fetch https://dl-cdn.alpinelinux.org/alpine/v3.19/main/x86_64/APKINDEX.tar.gz
fetch https://dl-cdn.alpinelinux.org/alpine/v3.19/community/x86_64/APKINDEX.tar.gz
v3.19.1-476-g0fc5112363c [https://dl-cdn.alpinelinux.org/alpine/v3.19/main]
v3.19.1-483-g58d20cc4409 [https://dl-cdn.alpinelinux.org/alpine/v3.19/community]
OK: 22995 distinct packages available
fetch https://dl-cdn.alpinelinux.org/alpine/v3.19/main/x86_64/APKINDEX.tar.gz
fetch https://dl-cdn.alpinelinux.org/alpine/v3.19/community/x86_64/APKINDEX.tar.gz
OK: 10 MiB in 22 packages
/
/sym_link
/
/
fetch https://dl-cdn.alpinelinux.org/alpine/v3.19/main/x86_64/APKINDEX.tar.gz
fetch https://dl-cdn.alpinelinux.org/alpine/v3.19/community/x86_64/APKINDEX.tar.gz
v3.19.1-476-g0fc5112363c [https://dl-cdn.alpinelinux.org/alpine/v3.19/main]
v3.19.1-483-g58d20cc4409 [https://dl-cdn.alpinelinux.org/alpine/v3.19/community]
OK: 22995 distinct packages available
fetch https://dl-cdn.alpinelinux.org/alpine/v3.19/main/x86_64/APKINDEX.tar.gz
fetch https://dl-cdn.alpinelinux.org/alpine/v3.19/community/x86_64/APKINDEX.tar.gz
OK: 10 MiB in 22 packages
/
/sym_link
/
/
fetch https://dl-cdn.alpinelinux.org/alpine/v3.19/main/x86_64/APKINDEX.tar.gz
fetch https://dl-cdn.alpinelinux.org/alpine/v3.19/community/x86_64/APKINDEX.tar.gz
v3.19.1-476-g0fc5112363c [https://dl-cdn.alpinelinux.org/alpine/v3.19/main]
v3.19.1-483-g58d20cc4409 [https://dl-cdn.alpinelinux.org/alpine/v3.19/community]
OK: 22995 distinct packages available
fetch https://dl-cdn.alpinelinux.org/alpine/v3.19/main/x86_64/APKINDEX.tar.gz
fetch https://dl-cdn.alpinelinux.org/alpine/v3.19/community/x86_64/APKINDEX.tar.gz
OK: 10 MiB in 22 packages
/
/sym_link
/
/
fetch https://dl-cdn.alpinelinux.org/alpine/v3.19/main/x86_64/APKINDEX.tar.gz
fetch https://dl-cdn.alpinelinux.org/alpine/v3.19/community/x86_64/APKINDEX.tar.gz
v3.19.1-476-g0fc5112363c [https://dl-cdn.alpinelinux.org/alpine/v3.19/main]
v3.19.1-483-g58d20cc4409 [https://dl-cdn.alpinelinux.org/alpine/v3.19/community]
OK: 22995 distinct packages available
fetch https://dl-cdn.alpinelinux.org/alpine/v3.19/main/x86_64/APKINDEX.tar.gz
fetch https://dl-cdn.alpinelinux.org/alpine/v3.19/community/x86_64/APKINDEX.tar.gz
OK: 10 MiB in 22 packages
/
/sym_link
/
/
fetch https://dl-cdn.alpinelinux.org/alpine/v3.19/main/x86_64/APKINDEX.tar.gz
fetch https://dl-cdn.alpinelinux.org/alpine/v3.19/community/x86_64/APKINDEX.tar.gz
v3.19.1-476-g0fc5112363c [https://dl-cdn.alpinelinux.org/alpine/v3.19/main]
v3.19.1-483-g58d20cc4409 [https://dl-cdn.alpinelinux.org/alpine/v3.19/community]
OK: 22995 distinct packages available
fetch https://dl-cdn.alpinelinux.org/alpine/v3.19/main/x86_64/APKINDEX.tar.gz
fetch https://dl-cdn.alpinelinux.org/alpine/v3.19/community/x86_64/APKINDEX.tar.gz
OK: 10 MiB in 22 packages
/
/sym_link
/
/
fetch https://dl-cdn.alpinelinux.org/alpine/v3.19/main/x86_64/APKINDEX.tar.gz
fetch https://dl-cdn.alpinelinux.org/alpine/v3.19/community/x86_64/APKINDEX.tar.gz
v3.19.1-476-g0fc5112363c [https://dl-cdn.alpinelinux.org/alpine/v3.19/main]
v3.19.1-483-g58d20cc4409 [https://dl-cdn.alpinelinux.org/alpine/v3.19/community]
OK: 22995 distinct packages available
fetch https://dl-cdn.alpinelinux.org/alpine/v3.19/main/x86_64/APKINDEX.tar.gz
fetch https://dl-cdn.alpinelinux.org/alpine/v3.19/community/x86_64/APKINDEX.tar.gz
OK: 10 MiB in 22 packages
/
/sym_link
/
/
fetch https://dl-cdn.alpinelinux.org/alpine/v3.19/main/x86_64/APKINDEX.tar.gz
fetch https://dl-cdn.alpinelinux.org/alpine/v3.19/community/x86_64/APKINDEX.tar.gz
v3.19.1-476-g0fc5112363c [https://dl-cdn.alpinelinux.org/alpine/v3.19/main]
v3.19.1-483-g58d20cc4409 [https://dl-cdn.alpinelinux.org/alpine/v3.19/community]
OK: 22995 distinct packages available
fetch https://dl-cdn.alpinelinux.org/alpine/v3.19/main/x86_64/APKINDEX.tar.gz
fetch https://dl-cdn.alpinelinux.org/alpine/v3.19/community/x86_64/APKINDEX.tar.gz
OK: 10 MiB in 22 packages
/
/sym_link
/
/
  0.00    0.000000           0         1           execve
  0.00    0.000000           0         1           mmap
------ ----------- ----------- --------- --------- ----------------
100.00    0.000000           0        12         1 total
% time     seconds  usecs/call     calls    errors syscall
------ ----------- ----------- --------- --------- ----------------
  7.75    0.000022          11         2           mprotect
  5.99    0.000017           8         2           brk
  1.76    0.000005           5         1           arch_prctl
  2.46    0.000007           7         1           getcwd
  2.11    0.000006           6         1           set_tid_address
  2.11    0.000006           6         1           getuid
  2.46    0.000007           7         1         1 ioctl
  4.58    0.000013          13         1           writev
 65.85    0.000187         187         1           execve
  4.93    0.000014          14         1           mmap
------ ----------- ----------- --------- --------- ----------------
100.00    0.000284          23        12         1 total
% time     seconds  usecs/call     calls    errors syscall
------ ----------- ----------- --------- --------- ----------------
 37.04    0.000020          10         2           mprotect
  0.00    0.000000           0         2           brk
  0.00    0.000000           0         1           arch_prctl
 14.81    0.000008           8         1           getcwd
  0.00    0.000000           0         1           set_tid_address
 12.96    0.000007           7         1           getuid
 12.96    0.000007           7         1         1 ioctl
 22.22    0.000012          12         1           writev
  0.00    0.000000           0         1           execve
  0.00    0.000000           0         1           mmap
------ ----------- ----------- --------- --------- ----------------
100.00    0.000054           4        12         1 total
% time     seconds  usecs/call     calls    errors syscall
------ ----------- ----------- --------- --------- ----------------
  7.89    0.000018           9         2           mprotect
  5.70    0.000013           6         2           brk
  2.19    0.000005           5         1           arch_prctl
  2.63    0.000006           6         1           getcwd
  2.19    0.000005           5         1           set_tid_address
  2.63    0.000006           6         1           getuid
  2.19    0.000005           5         1         1 ioctl
  4.39    0.000010          10         1           writev
 65.35    0.000149         149         1           execve
  4.82    0.000011          11         1           mmap
------ ----------- ----------- --------- --------- ----------------
100.00    0.000228          19        12         1 total
% time     seconds  usecs/call     calls    errors syscall
------ ----------- ----------- --------- --------- ----------------
  8.47    0.000020          10         2           mprotect
  4.66    0.000011           5         2           brk
  2.12    0.000005           5         1           arch_prctl
  2.12    0.000005           5         1           getcwd
  2.12    0.000005           5         1           set_tid_address
  1.27    0.000003           3         1           getuid
  1.27    0.000003           3         1         1 ioctl
  2.97    0.000007           7         1           writev
 68.64    0.000162         162         1           execve
  6.36    0.000015          15         1           mmap
------ ----------- ----------- --------- --------- ----------------
100.00    0.000236          19        12         1 total
% time     seconds  usecs/call     calls    errors syscall
------ ----------- ----------- --------- --------- ----------------
  0.00    0.000000           0         2           mprotect
  0.00    0.000000           0         2           brk
  0.00    0.000000           0         1           arch_prctl
  0.00    0.000000           0         1           getcwd
  0.00    0.000000           0         1           set_tid_address
  0.00    0.000000           0         1           getuid
  0.00    0.000000           0         1         1 ioctl
  0.00    0.000000           0         1           writev
  0.00    0.000000           0         1           execve
  0.00    0.000000           0         1           mmap
------ ----------- ----------- --------- --------- ----------------
100.00    0.000000           0        12         1 total
% time     seconds  usecs/call     calls    errors syscall
------ ----------- ----------- --------- --------- ----------------
 27.14    0.000019           9         2           mprotect
 18.57    0.000013           6         2           brk
  0.00    0.000000           0         1           arch_prctl
  8.57    0.000006           6         1           getcwd
  0.00    0.000000           0         1           set_tid_address
  8.57    0.000006           6         1           getuid
  7.14    0.000005           5         1         1 ioctl
 14.29    0.000010          10         1           writev
  0.00    0.000000           0         1           execve
 15.71    0.000011          11         1           mmap
------ ----------- ----------- --------- --------- ----------------
100.00    0.000070           5        12         1 total
% time     seconds  usecs/call     calls    errors syscall
------ ----------- ----------- --------- --------- ----------------
  0.00    0.000000           0         2           mprotect
  0.00    0.000000           0         2           brk
  0.00    0.000000           0         1           arch_prctl
  0.00    0.000000           0         1           getcwd
  0.00    0.000000           0         1           set_tid_address
  0.00    0.000000           0         1           getuid
  0.00    0.000000           0         1         1 ioctl
  0.00    0.000000           0         1           writev
  0.00    0.000000           0         1           execve
  0.00    0.000000           0         1           mmap
------ ----------- ----------- --------- --------- ----------------
100.00    0.000000           0        12         1 total
% time     seconds  usecs/call     calls    errors syscall
------ ----------- ----------- --------- --------- ----------------
  0.00    0.000000           0         2           mprotect
  0.00    0.000000           0         2           brk
  0.00    0.000000           0         1           arch_prctl
  0.00    0.000000           0         1           getcwd
  0.00    0.000000           0         1           set_tid_address
  0.00    0.000000           0         1           getuid
  0.00    0.000000           0         1         1 ioctl
  0.00    0.000000           0         1           writev
  0.00    0.000000           0         1           execve
  0.00    0.000000           0         1           mmap
------ ----------- ----------- --------- --------- ----------------
100.00    0.000000           0        12         1 total
% time     seconds  usecs/call     calls    errors syscall
------ ----------- ----------- --------- --------- ----------------
  7.72    0.000026          13         2           mprotect
  5.93    0.000020          10         2           brk
  2.37    0.000008           8         1           arch_prctl
  2.08    0.000007           7         1           getcwd
  2.37    0.000008           8         1           set_tid_address
  2.08    0.000007           7         1           getuid
  2.08    0.000007           7         1         1 ioctl
  4.15    0.000014          14         1           writev
 67.36    0.000227         227         1           execve
  3.86    0.000013          13         1           mmap
------ ----------- ----------- --------- --------- ----------------
100.00    0.000337          28        12         1 total
% time     seconds  usecs/call     calls    errors syscall
------ ----------- ----------- --------- --------- ----------------
  7.20    0.000018           9         2           mprotect
  4.80    0.000012           6         2           brk
  2.40    0.000006           6         1           arch_prctl
  2.40    0.000006           6         1           getcwd
  1.60    0.000004           4         1           set_tid_address
  1.60    0.000004           4         1           getuid
  2.40    0.000006           6         1         1 ioctl
  4.80    0.000012          12         1           writev
 68.00    0.000170         170         1           execve
  4.80    0.000012          12         1           mmap
------ ----------- ----------- --------- --------- ----------------
100.00    0.000250          20        12         1 total
% time     seconds  usecs/call     calls    errors syscall
------ ----------- ----------- --------- --------- ----------------
  0.00    0.000000           0         2           mprotect
  0.00    0.000000           0         2           brk
  0.00    0.000000           0         1           arch_prctl
  0.00    0.000000           0         1           getcwd
  0.00    0.000000           0         1           set_tid_address
  0.00    0.000000           0         1           getuid
  0.00    0.000000           0         1         1 ioctl
  0.00    0.000000           0         1           writev
  0.00    0.000000           0         1           execve
  0.00    0.000000           0         1           mmap
------ ----------- ----------- --------- --------- ----------------
100.00    0.000000           0        12         1 total
% time     seconds  usecs/call     calls    errors syscall
------ ----------- ----------- --------- --------- ----------------
  0.00    0.000000           0         2           mprotect
  0.00    0.000000           0         2           brk
  0.00    0.000000           0         1           arch_prctl
  0.00    0.000000           0         1           getcwd
  0.00    0.000000           0         1           set_tid_address
  0.00    0.000000           0         1           getuid
  0.00    0.000000           0         1         1 ioctl
  0.00    0.000000           0         1           writev
  0.00    0.000000           0         1           execve
  0.00    0.000000           0         1           mmap
------ ----------- ----------- --------- --------- ----------------
100.00    0.000000           0        12         1 total
ln: /test_dir_link/sym_link: File exists
% time     seconds  usecs/call     calls    errors syscall
------ ----------- ----------- --------- --------- ----------------
  9.19    0.000025          12         2           mprotect
  4.78    0.000013           6         2           brk
  2.94    0.000008           8         1           arch_prctl
  3.31    0.000009           9         1           getcwd
  2.21    0.000006           6         1           set_tid_address
  1.84    0.000005           5         1           getuid
  2.21    0.000006           6         1         1 ioctl
  4.04    0.000011          11         1           writev
 64.34    0.000175         175         1           execve
  5.15    0.000014          14         1           mmap
------ ----------- ----------- --------- --------- ----------------
100.00    0.000272          22        12         1 total
% time     seconds  usecs/call     calls    errors syscall
------ ----------- ----------- --------- --------- ----------------
  8.58    0.000026          13         2           mprotect
  5.94    0.000018           9         2           brk
  1.98    0.000006           6         1           arch_prctl
  1.98    0.000006           6         1           getcwd
  2.31    0.000007           7         1           set_tid_address
  1.32    0.000004           4         1           getuid
  1.98    0.000006           6         1         1 ioctl
  3.96    0.000012          12         1           writev
 67.66    0.000205         205         1           execve
  4.29    0.000013          13         1           mmap
------ ----------- ----------- --------- --------- ----------------
100.00    0.000303          25        12         1 total
% time     seconds  usecs/call     calls    errors syscall
------ ----------- ----------- --------- --------- ----------------
 41.07    0.000023          11         2           mprotect
  0.00    0.000000           0         2           brk
  0.00    0.000000           0         1           arch_prctl
 14.29    0.000008           8         1           getcwd
  0.00    0.000000           0         1           set_tid_address
 10.71    0.000006           6         1           getuid
 12.50    0.000007           7         1         1 ioctl
 21.43    0.000012          12         1           writev
  0.00    0.000000           0         1           execve
  0.00    0.000000           0         1           mmap
------ ----------- ----------- --------- --------- ----------------
100.00    0.000056           4        12         1 total
% time     seconds  usecs/call     calls    errors syscall
------ ----------- ----------- --------- --------- ----------------
  0.00    0.000000           0         2           mprotect
  0.00    0.000000           0         2           brk
  0.00    0.000000           0         1           arch_prctl
 24.00    0.000006           6         1           getcwd
  0.00    0.000000           0         1           set_tid_address
 20.00    0.000005           5         1           getuid
 20.00    0.000005           5         1         1 ioctl
 36.00    0.000009           9         1           writev
  0.00    0.000000           0         1           execve
  0.00    0.000000           0         1           mmap
------ ----------- ----------- --------- --------- ----------------
100.00    0.000025           2        12         1 total
% time     seconds  usecs/call     calls    errors syscall
------ ----------- ----------- --------- --------- ----------------
  9.30    0.000028          14         2           mprotect
  5.98    0.000018           9         2           brk
  2.99    0.000009           9         1           arch_prctl
  2.66    0.000008           8         1           getcwd
  2.33    0.000007           7         1           set_tid_address
  1.99    0.000006           6         1           getuid
  1.99    0.000006           6         1         1 ioctl
  3.65    0.000011          11         1           writev
 65.12    0.000196         196         1           execve
  3.99    0.000012          12         1           mmap
------ ----------- ----------- --------- --------- ----------------
100.00    0.000301          25        12         1 total
% time     seconds  usecs/call     calls    errors syscall
------ ----------- ----------- --------- --------- ----------------
  0.00    0.000000           0         2           mprotect
  0.00    0.000000           0         2           brk
  0.00    0.000000           0         1           arch_prctl
  0.00    0.000000           0         1           getcwd
  0.00    0.000000           0         1           set_tid_address
  0.00    0.000000           0         1           getuid
  0.00    0.000000           0         1         1 ioctl
  0.00    0.000000           0         1           writev
  0.00    0.000000           0         1           execve
  0.00    0.000000           0         1           mmap
------ ----------- ----------- --------- --------- ----------------
100.00    0.000000           0        12         1 total
% time     seconds  usecs/call     calls    errors syscall
------ ----------- ----------- --------- --------- ----------------
  0.00    0.000000           0         2           mprotect
  0.00    0.000000           0         2           brk
  0.00    0.000000           0         1           arch_prctl
  0.00    0.000000           0         1           getcwd
  0.00    0.000000           0         1           set_tid_address
  0.00    0.000000           0         1           getuid
  0.00    0.000000           0         1         1 ioctl
  0.00    0.000000           0         1           writev
  0.00    0.000000           0         1           execve
  0.00    0.000000           0         1           mmap
------ ----------- ----------- --------- --------- ----------------
100.00    0.000000           0        12         1 total
% time     seconds  usecs/call     calls    errors syscall
------ ----------- ----------- --------- --------- ----------------
  0.00    0.000000           0         2           mprotect
  0.00    0.000000           0         2           brk
  0.00    0.000000           0         1           arch_prctl
  0.00    0.000000           0         1           getcwd
  0.00    0.000000           0         1           set_tid_address
  0.00    0.000000           0         1           getuid
  0.00    0.000000           0         1         1 ioctl
  0.00    0.000000           0         1           writev
  0.00    0.000000           0         1           execve
  0.00    0.000000           0         1           mmap
------ ----------- ----------- --------- --------- ----------------
fetch https://dl-cdn.alpinelinux.org/alpine/v3.19/main/x86_64/APKINDEX.tar.gz
fetch https://dl-cdn.alpinelinux.org/alpine/v3.19/community/x86_64/APKINDEX.tar.gz
v3.19.1-476-g0fc5112363c [https://dl-cdn.alpinelinux.org/alpine/v3.19/main]
v3.19.1-483-g58d20cc4409 [https://dl-cdn.alpinelinux.org/alpine/v3.19/community]
OK: 22995 distinct packages available
fetch https://dl-cdn.alpinelinux.org/alpine/v3.19/main/x86_64/APKINDEX.tar.gz
fetch https://dl-cdn.alpinelinux.org/alpine/v3.19/community/x86_64/APKINDEX.tar.gz
OK: 10 MiB in 22 packages
/
/sym_link
/
/
100.00    0.000000           0        12         1 total
% time     seconds  usecs/call     calls    errors syscall
------ ----------- ----------- --------- --------- ----------------
  0.00    0.000000           0         2           mprotect
  0.00    0.000000           0         2           brk
  0.00    0.000000           0         1           arch_prctl
  0.00    0.000000           0         1           getcwd
  0.00    0.000000           0         1           set_tid_address
  0.00    0.000000           0         1           getuid
  0.00    0.000000           0         1         1 ioctl
  0.00    0.000000           0         1           writev
  0.00    0.000000           0         1           execve
  0.00    0.000000           0         1           mmap
------ ----------- ----------- --------- --------- ----------------
100.00    0.000000           0        12         1 total
% time     seconds  usecs/call     calls    errors syscall
------ ----------- ----------- --------- --------- ----------------
  0.00    0.000000           0         2           mprotect
  0.00    0.000000           0         2           brk
  0.00    0.000000           0         1           arch_prctl
  0.00    0.000000           0         1           getcwd
  0.00    0.000000           0         1           set_tid_address
  0.00    0.000000           0         1           getuid
  0.00    0.000000           0         1         1 ioctl
  0.00    0.000000           0         1           writev
  0.00    0.000000           0         1           execve
  0.00    0.000000           0         1           mmap
------ ----------- ----------- --------- --------- ----------------
100.00    0.000000           0        12         1 total
% time     seconds  usecs/call     calls    errors syscall
------ ----------- ----------- --------- --------- ----------------
  8.55    0.000023          11         2           mprotect
  5.58    0.000015           7         2           brk
  2.97    0.000008           8         1           arch_prctl
  2.23    0.000006           6         1           getcwd
  2.97    0.000008           8         1           set_tid_address
  1.86    0.000005           5         1           getuid
  1.86    0.000005           5         1         1 ioctl
  3.35    0.000009           9         1           writev
 66.54    0.000179         179         1           execve
  4.09    0.000011          11         1           mmap
------ ----------- ----------- --------- --------- ----------------
100.00    0.000269          22        12         1 total
% time     seconds  usecs/call     calls    errors syscall
------ ----------- ----------- --------- --------- ----------------
  0.00    0.000000           0         2           mprotect
  0.00    0.000000           0         2           brk
  0.00    0.000000           0         1           arch_prctl
  0.00    0.000000           0         1           getcwd
  0.00    0.000000           0         1           set_tid_address
  0.00    0.000000           0         1           getuid
  0.00    0.000000           0         1         1 ioctl
  0.00    0.000000           0         1           writev
  0.00    0.000000           0         1           execve
  0.00    0.000000           0         1           mmap
------ ----------- ----------- --------- --------- ----------------
100.00    0.000000           0        12         1 total
