┌──(kubapat㉿deskpat)-[~/Music]
└─$ strace -c pwd   
/home/kubapat/Music
% time     seconds  usecs/call     calls    errors syscall
------ ----------- ----------- --------- --------- ----------------
  0.00    0.000000           0         3           read
  0.00    0.000000           0         1           write
  0.00    0.000000           0        20           close
  0.00    0.000000           0        22           mmap
  0.00    0.000000           0         3           mprotect
  0.00    0.000000           0         1           munmap
  0.00    0.000000           0         3           brk
  0.00    0.000000           0         2           pread64
  0.00    0.000000           0         1         1 access
  0.00    0.000000           0         1           execve
  0.00    0.000000           0         1           getcwd
  0.00    0.000000           0         1           arch_prctl
  0.00    0.000000           0         1           futex
  0.00    0.000000           0         1           set_tid_address
  0.00    0.000000           0        30        12 openat
  0.00    0.000000           0        19           newfstatat
  0.00    0.000000           0         1           set_robust_list
  0.00    0.000000           0         1           prlimit64
  0.00    0.000000           0         1           getrandom
  0.00    0.000000           0         1           rseq
------ ----------- ----------- --------- --------- ----------------
100.00    0.000000           0       114        13 total

execve("/usr/bin/pwd", ["pwd"], 0x7ffeb138ee00 /* 58 vars */) = 0
brk(NULL)                               = 0x55cea18cc000
mmap(NULL, 8192, PROT_READ|PROT_WRITE, MAP_PRIVATE|MAP_ANONYMOUS, -1, 0) = 0x7f390efcd000
access("/etc/ld.so.preload", R_OK)      = -1 ENOENT (No such file or directory)
openat(AT_FDCWD, "/etc/ld.so.cache", O_RDONLY|O_CLOEXEC) = 3
newfstatat(3, "", {st_mode=S_IFREG|0644, st_size=93739, ...}, AT_EMPTY_PATH) = 0
mmap(NULL, 93739, PROT_READ, MAP_PRIVATE, 3, 0) = 0x7f390efb6000
close(3)                                = 0
openat(AT_FDCWD, "/lib/x86_64-linux-gnu/libc.so.6", O_RDONLY|O_CLOEXEC) = 3
read(3, "\177ELF\2\1\1\3\0\0\0\0\0\0\0\0\3\0>\0\1\0\0\0\220x\2\0\0\0\0\0"..., 832) = 832
pread64(3, "\6\0\0\0\4\0\0\0@\0\0\0\0\0\0\0@\0\0\0\0\0\0\0@\0\0\0\0\0\0\0"..., 784, 64) = 784
newfstatat(3, "", {st_mode=S_IFREG|0755, st_size=1926256, ...}, AT_EMPTY_PATH) = 0
pread64(3, "\6\0\0\0\4\0\0\0@\0\0\0\0\0\0\0@\0\0\0\0\0\0\0@\0\0\0\0\0\0\0"..., 784, 64) = 784
mmap(NULL, 1974096, PROT_READ, MAP_PRIVATE|MAP_DENYWRITE, 3, 0) = 0x7f390edd4000
mmap(0x7f390edfa000, 1396736, PROT_READ|PROT_EXEC, MAP_PRIVATE|MAP_FIXED|MAP_DENYWRITE, 3, 0x26000) = 0x7f390edfa000
mmap(0x7f390ef4f000, 344064, PROT_READ, MAP_PRIVATE|MAP_FIXED|MAP_DENYWRITE, 3, 0x17b000) = 0x7f390ef4f000
mmap(0x7f390efa3000, 24576, PROT_READ|PROT_WRITE, MAP_PRIVATE|MAP_FIXED|MAP_DENYWRITE, 3, 0x1cf000) = 0x7f390efa3000
mmap(0x7f390efa9000, 53072, PROT_READ|PROT_WRITE, MAP_PRIVATE|MAP_FIXED|MAP_ANONYMOUS, -1, 0) = 0x7f390efa9000
close(3)                                = 0
mmap(NULL, 12288, PROT_READ|PROT_WRITE, MAP_PRIVATE|MAP_ANONYMOUS, -1, 0) = 0x7f390edd1000
arch_prctl(ARCH_SET_FS, 0x7f390edd1740) = 0
set_tid_address(0x7f390edd1a10)         = 5060
set_robust_list(0x7f390edd1a20, 24)     = 0
rseq(0x7f390edd2060, 0x20, 0, 0x53053053) = 0
mprotect(0x7f390efa3000, 16384, PROT_READ) = 0
mprotect(0x55cea035c000, 4096, PROT_READ) = 0
mprotect(0x7f390efff000, 8192, PROT_READ) = 0
prlimit64(0, RLIMIT_STACK, NULL, {rlim_cur=8192*1024, rlim_max=RLIM64_INFINITY}) = 0
munmap(0x7f390efb6000, 93739)           = 0
getrandom("\x62\x20\x5f\x6d\xf7\x31\x3d\xc6", 8, GRND_NONBLOCK) = 8
brk(NULL)                               = 0x55cea18cc000
brk(0x55cea18ed000)                     = 0x55cea18ed000
openat(AT_FDCWD, "/usr/lib/locale/locale-archive", O_RDONLY|O_CLOEXEC) = 3
newfstatat(3, "", {st_mode=S_IFREG|0644, st_size=3052896, ...}, AT_EMPTY_PATH) = 0
mmap(NULL, 3052896, PROT_READ, MAP_PRIVATE, 3, 0) = 0x7f390ea00000
close(3)                                = 0
openat(AT_FDCWD, "/usr/share/locale/locale.alias", O_RDONLY|O_CLOEXEC) = 3
newfstatat(3, "", {st_mode=S_IFREG|0644, st_size=2996, ...}, AT_EMPTY_PATH) = 0
read(3, "# Locale name alias data base.\n#"..., 4096) = 2996
read(3, "", 4096)                       = 0
close(3)                                = 0
openat(AT_FDCWD, "/usr/lib/locale/C.UTF-8/LC_IDENTIFICATION", O_RDONLY|O_CLOEXEC) = -1 ENOENT (No such file or directory)
openat(AT_FDCWD, "/usr/lib/locale/C.utf8/LC_IDENTIFICATION", O_RDONLY|O_CLOEXEC) = 3
newfstatat(3, "", {st_mode=S_IFREG|0644, st_size=258, ...}, AT_EMPTY_PATH) = 0
mmap(NULL, 258, PROT_READ, MAP_PRIVATE, 3, 0) = 0x7f390efcc000
close(3)                                = 0
openat(AT_FDCWD, "/usr/lib/x86_64-linux-gnu/gconv/gconv-modules.cache", O_RDONLY) = 3
newfstatat(3, "", {st_mode=S_IFREG|0644, st_size=27028, ...}, AT_EMPTY_PATH) = 0
mmap(NULL, 27028, PROT_READ, MAP_SHARED, 3, 0) = 0x7f390efc5000
close(3)                                = 0
futex(0x7f390efa8a6c, FUTEX_WAKE_PRIVATE, 2147483647) = 0
openat(AT_FDCWD, "/usr/lib/locale/C.UTF-8/LC_MEASUREMENT", O_RDONLY|O_CLOEXEC) = -1 ENOENT (No such file or directory)
openat(AT_FDCWD, "/usr/lib/locale/C.utf8/LC_MEASUREMENT", O_RDONLY|O_CLOEXEC) = 3
newfstatat(3, "", {st_mode=S_IFREG|0644, st_size=23, ...}, AT_EMPTY_PATH) = 0
mmap(NULL, 23, PROT_READ, MAP_PRIVATE, 3, 0) = 0x7f390efc4000
close(3)                                = 0
openat(AT_FDCWD, "/usr/lib/locale/C.UTF-8/LC_TELEPHONE", O_RDONLY|O_CLOEXEC) = -1 ENOENT (No such file or directory)
openat(AT_FDCWD, "/usr/lib/locale/C.utf8/LC_TELEPHONE", O_RDONLY|O_CLOEXEC) = 3
newfstatat(3, "", {st_mode=S_IFREG|0644, st_size=47, ...}, AT_EMPTY_PATH) = 0
mmap(NULL, 47, PROT_READ, MAP_PRIVATE, 3, 0) = 0x7f390efc3000
close(3)                                = 0
openat(AT_FDCWD, "/usr/lib/locale/C.UTF-8/LC_ADDRESS", O_RDONLY|O_CLOEXEC) = -1 ENOENT (No such file or directory)
openat(AT_FDCWD, "/usr/lib/locale/C.utf8/LC_ADDRESS", O_RDONLY|O_CLOEXEC) = 3
newfstatat(3, "", {st_mode=S_IFREG|0644, st_size=127, ...}, AT_EMPTY_PATH) = 0
mmap(NULL, 127, PROT_READ, MAP_PRIVATE, 3, 0) = 0x7f390efc2000
close(3)                                = 0
openat(AT_FDCWD, "/usr/lib/locale/C.UTF-8/LC_NAME", O_RDONLY|O_CLOEXEC) = -1 ENOENT (No such file or directory)
openat(AT_FDCWD, "/usr/lib/locale/C.utf8/LC_NAME", O_RDONLY|O_CLOEXEC) = 3
newfstatat(3, "", {st_mode=S_IFREG|0644, st_size=62, ...}, AT_EMPTY_PATH) = 0
mmap(NULL, 62, PROT_READ, MAP_PRIVATE, 3, 0) = 0x7f390efc1000
close(3)                                = 0
openat(AT_FDCWD, "/usr/lib/locale/C.UTF-8/LC_PAPER", O_RDONLY|O_CLOEXEC) = -1 ENOENT (No such file or directory)
openat(AT_FDCWD, "/usr/lib/locale/C.utf8/LC_PAPER", O_RDONLY|O_CLOEXEC) = 3
newfstatat(3, "", {st_mode=S_IFREG|0644, st_size=34, ...}, AT_EMPTY_PATH) = 0
mmap(NULL, 34, PROT_READ, MAP_PRIVATE, 3, 0) = 0x7f390efc0000
close(3)                                = 0
openat(AT_FDCWD, "/usr/lib/locale/C.UTF-8/LC_MESSAGES", O_RDONLY|O_CLOEXEC) = -1 ENOENT (No such file or directory)
openat(AT_FDCWD, "/usr/lib/locale/C.utf8/LC_MESSAGES", O_RDONLY|O_CLOEXEC) = 3
newfstatat(3, "", {st_mode=S_IFDIR|0755, st_size=4096, ...}, AT_EMPTY_PATH) = 0
close(3)                                = 0
openat(AT_FDCWD, "/usr/lib/locale/C.utf8/LC_MESSAGES/SYS_LC_MESSAGES", O_RDONLY|O_CLOEXEC) = 3
newfstatat(3, "", {st_mode=S_IFREG|0644, st_size=48, ...}, AT_EMPTY_PATH) = 0
mmap(NULL, 48, PROT_READ, MAP_PRIVATE, 3, 0) = 0x7f390efbf000
close(3)                                = 0
openat(AT_FDCWD, "/usr/lib/locale/C.UTF-8/LC_MONETARY", O_RDONLY|O_CLOEXEC) = -1 ENOENT (No such file or directory)
openat(AT_FDCWD, "/usr/lib/locale/C.utf8/LC_MONETARY", O_RDONLY|O_CLOEXEC) = 3
newfstatat(3, "", {st_mode=S_IFREG|0644, st_size=270, ...}, AT_EMPTY_PATH) = 0
mmap(NULL, 270, PROT_READ, MAP_PRIVATE, 3, 0) = 0x7f390efbe000
close(3)                                = 0
openat(AT_FDCWD, "/usr/lib/locale/C.UTF-8/LC_COLLATE", O_RDONLY|O_CLOEXEC) = -1 ENOENT (No such file or directory)
openat(AT_FDCWD, "/usr/lib/locale/C.utf8/LC_COLLATE", O_RDONLY|O_CLOEXEC) = 3
newfstatat(3, "", {st_mode=S_IFREG|0644, st_size=1406, ...}, AT_EMPTY_PATH) = 0
mmap(NULL, 1406, PROT_READ, MAP_PRIVATE, 3, 0) = 0x7f390efbd000
close(3)                                = 0
openat(AT_FDCWD, "/usr/lib/locale/C.UTF-8/LC_TIME", O_RDONLY|O_CLOEXEC) = -1 ENOENT (No such file or directory)
openat(AT_FDCWD, "/usr/lib/locale/C.utf8/LC_TIME", O_RDONLY|O_CLOEXEC) = 3
newfstatat(3, "", {st_mode=S_IFREG|0644, st_size=3360, ...}, AT_EMPTY_PATH) = 0
mmap(NULL, 3360, PROT_READ, MAP_PRIVATE, 3, 0) = 0x7f390efbc000
close(3)                                = 0
openat(AT_FDCWD, "/usr/lib/locale/C.UTF-8/LC_NUMERIC", O_RDONLY|O_CLOEXEC) = -1 ENOENT (No such file or directory)
openat(AT_FDCWD, "/usr/lib/locale/C.utf8/LC_NUMERIC", O_RDONLY|O_CLOEXEC) = 3
newfstatat(3, "", {st_mode=S_IFREG|0644, st_size=50, ...}, AT_EMPTY_PATH) = 0
mmap(NULL, 50, PROT_READ, MAP_PRIVATE, 3, 0) = 0x7f390efbb000
close(3)                                = 0
openat(AT_FDCWD, "/usr/lib/locale/C.UTF-8/LC_CTYPE", O_RDONLY|O_CLOEXEC) = -1 ENOENT (No such file or directory)
openat(AT_FDCWD, "/usr/lib/locale/C.utf8/LC_CTYPE", O_RDONLY|O_CLOEXEC) = 3
newfstatat(3, "", {st_mode=S_IFREG|0644, st_size=357584, ...}, AT_EMPTY_PATH) = 0
mmap(NULL, 357584, PROT_READ, MAP_PRIVATE, 3, 0) = 0x7f390ed79000
close(3)                                = 0
getcwd("/home/kubapat/Music", 4096)     = 20
newfstatat(1, "", {st_mode=S_IFCHR|0620, st_rdev=makedev(0x88, 0x1), ...}, AT_EMPTY_PATH) = 0
write(1, "/home/kubapat/Music\n", 20/home/kubapat/Music
)   = 20
close(1)                                = 0
close(2)                                = 0
exit_group(0)                           = ?
+++ exited with 0 +++
