Found 107 syscalls
[0, 1, 3, 4, 5, 6, 7, 8, 9, 10, 11, 12, 13, 14, 15, 16, 17, 18, 19, 20, 21, 23, 24, 28, 29, 30, 32, 33, 36, 38, 39, 40, 41, 42, 43, 44, 45, 46, 47, 48, 49, 50, 51, 53, 54, 55, 56, 57, 59, 60, 62, 63, 67, 72, 77, 79, 80, 82, 83, 84, 86, 87, 89, 90, 92, 95, 96, 99, 102, 105, 106, 107, 110, 112, 125, 137, 141, 142, 144, 147, 149, 157, 158, 164, 186, 201, 202, 203, 213, 217, 218, 221, 228, 230, 231, 232, 233, 234, 235, 257, 262, 273, 288, 290, 296, 302, 318]
read
write
close
stat
fstat
lstat
poll
lseek
mmap
mprotect
munmap
brk
rt_sigaction
rt_sigprocmask
rt_sigreturn
ioctl
pread64
pwrite64
readv
writev
access
select
sched_yield
madvise
shmget
shmat
dup
dup2
getitimer
setitimer
getpid
sendfile
socket
connect
accept
sendto
recvfrom
sendmsg
recvmsg
shutdown
bind
listen
getsockname
socketpair
setsockopt
getsockopt
clone
fork
execve
exit
kill
uname
shmdt
fcntl
ftruncate
getcwd
chdir
rename
mkdir
rmdir
link
unlink
readlink
chmod
chown
umask
gettimeofday
sysinfo
getuid
setuid
setgid
geteuid
getppid
setsid
capget
statfs
setpriority
sched_setparam
sched_setscheduler
sched_get_priority_min
mlock
prctl
arch_prctl
settimeofday
gettid
time
futex
sched_setaffinity
epoll_create
getdents64
set_tid_address
fadvise64
clock_gettime
clock_nanosleep
exit_group
epoll_wait
epoll_ctl
tgkill
utimes
openat
newfstatat
set_robust_list
accept4
eventfd2
pwritev
prlimit64